# JRE version: OpenJDK Runtime Environment (11.0.12) (build 11.0.12+0-b1504.28-7817840)
# Java VM: OpenJDK 64-Bit Server VM (11.0.12+0-b1504.28-7817840, mixed mode, tiered, compressed oops, g1 gc, linux-amd64)
Heap:
 garbage-first heap   total 344064K, used 226093K [0x00000000a0000000, 0x0000000100000000)
  region size 1024K, 56 young (57344K), 6 survivors (6144K)
 Metaspace       used 99176K, capacity 105159K, committed 105476K, reserved 1140736K
  class space    used 12647K, capacity 14248K, committed 14284K, reserved 1048576K
GC Heap History (20 events):
Event: 880,654 GC heap before
{Heap before GC invocations=54 (full 0):
 garbage-first heap   total 344064K, used 274980K [0x00000000a0000000, 0x0000000100000000)
  region size 1024K, 113 young (115712K), 8 survivors (8192K)
 Metaspace       used 99142K, capacity 105095K, committed 105220K, reserved 1140736K
  class space    used 12647K, capacity 14248K, committed 14284K, reserved 1048576K
}
Event: 880,692 GC heap after
{Heap after GC invocations=55 (full 0):
 garbage-first heap   total 344064K, used 171754K [0x00000000a0000000, 0x0000000100000000)
  region size 1024K, 11 young (11264K), 11 survivors (11264K)
 Metaspace       used 99142K, capacity 105095K, committed 105220K, reserved 1140736K
  class space    used 12647K, capacity 14248K, committed 14284K, reserved 1048576K
}
Event: 930,194 GC heap before
{Heap before GC invocations=55 (full 0):
 garbage-first heap   total 344064K, used 279274K [0x00000000a0000000, 0x0000000100000000)
  region size 1024K, 117 young (119808K), 11 survivors (11264K)
 Metaspace       used 99164K, capacity 105095K, committed 105220K, reserved 1140736K
  class space    used 12647K, capacity 14248K, committed 14284K, reserved 1048576K
}
Event: 930,298 GC heap after
{Heap after GC invocations=56 (full 0):
 garbage-first heap   total 344064K, used 171247K [0x00000000a0000000, 0x0000000100000000)
  region size 1024K, 4 young (4096K), 4 survivors (4096K)
 Metaspace       used 99164K, capacity 105095K, committed 105220K, reserved 1140736K
  class space    used 12647K, capacity 14248K, committed 14284K, reserved 1048576K
}
Event: 932,884 GC heap before
{Heap before GC invocations=57 (full 0):
 garbage-first heap   total 344064K, used 178415K [0x00000000a0000000, 0x0000000100000000)
  region size 1024K, 13 young (13312K), 4 survivors (4096K)
 Metaspace       used 99166K, capacity 105095K, committed 105220K, reserved 1140736K
  class space    used 12647K, capacity 14248K, committed 14284K, reserved 1048576K
}
Event: 932,901 GC heap after
{Heap after GC invocations=58 (full 0):
 garbage-first heap   total 344064K, used 171134K [0x00000000a0000000, 0x0000000100000000)
  region size 1024K, 4 young (4096K), 4 survivors (4096K)
 Metaspace       used 99166K, capacity 105095K, committed 105220K, reserved 1140736K
  class space    used 12647K, capacity 14248K, committed 14284K, reserved 1048576K
}
Event: 933,033 GC heap before
{Heap before GC invocations=58 (full 0):
 garbage-first heap   total 344064K, used 286846K [0x00000000a0000000, 0x0000000100000000)
  region size 1024K, 115 young (117760K), 4 survivors (4096K)
 Metaspace       used 99169K, capacity 105095K, committed 105220K, reserved 1140736K
  class space    used 12647K, capacity 14248K, committed 14284K, reserved 1048576K
}
Event: 933,040 GC heap after
{Heap after GC invocations=59 (full 0):
 garbage-first heap   total 344064K, used 174525K [0x00000000a0000000, 0x0000000100000000)
  region size 1024K, 5 young (5120K), 5 survivors (5120K)
 Metaspace       used 99169K, capacity 105095K, committed 105220K, reserved 1140736K
  class space    used 12647K, capacity 14248K, committed 14284K, reserved 1048576K
}
Event: 933,150 GC heap before
{Heap before GC invocations=59 (full 0):
 garbage-first heap   total 344064K, used 287165K [0x00000000a0000000, 0x0000000100000000)
  region size 1024K, 116 young (118784K), 5 survivors (5120K)
 Metaspace       used 99170K, capacity 105095K, committed 105220K, reserved 1140736K
  class space    used 12647K, capacity 14248K, committed 14284K, reserved 1048576K
}
Event: 933,155 GC heap after
{Heap after GC invocations=60 (full 0):
 garbage-first heap   total 344064K, used 174420K [0x00000000a0000000, 0x0000000100000000)
  region size 1024K, 5 young (5120K), 5 survivors (5120K)
 Metaspace       used 99170K, capacity 105095K, committed 105220K, reserved 1140736K
  class space    used 12647K, capacity 14248K, committed 14284K, reserved 1048576K
}
Event: 933,387 GC heap before
{Heap before GC invocations=60 (full 0):
 garbage-first heap   total 344064K, used 290132K [0x00000000a0000000, 0x0000000100000000)
  region size 1024K, 119 young (121856K), 5 survivors (5120K)
 Metaspace       used 99171K, capacity 105095K, committed 105220K, reserved 1140736K
  class space    used 12647K, capacity 14248K, committed 14284K, reserved 1048576K
}
Event: 933,393 GC heap after
{Heap after GC invocations=61 (full 0):
 garbage-first heap   total 344064K, used 174441K [0x00000000a0000000, 0x0000000100000000)
  region size 1024K, 5 young (5120K), 5 survivors (5120K)
 Metaspace       used 99171K, capacity 105095K, committed 105220K, reserved 1140736K
  class space    used 12647K, capacity 14248K, committed 14284K, reserved 1048576K
}
Event: 933,527 GC heap before
{Heap before GC invocations=62 (full 0):
 garbage-first heap   total 344064K, used 292201K [0x00000000a0000000, 0x0000000100000000)
  region size 1024K, 121 young (123904K), 5 survivors (5120K)
 Metaspace       used 99175K, capacity 105159K, committed 105476K, reserved 1140736K
  class space    used 12647K, capacity 14248K, committed 14284K, reserved 1048576K
}
Event: 933,536 GC heap after
{Heap after GC invocations=63 (full 0):
 garbage-first heap   total 344064K, used 174831K [0x00000000a0000000, 0x0000000100000000)
  region size 1024K, 5 young (5120K), 5 survivors (5120K)
 Metaspace       used 99175K, capacity 105159K, committed 105476K, reserved 1140736K
  class space    used 12647K, capacity 14248K, committed 14284K, reserved 1048576K
}
Event: 933,662 GC heap before
{Heap before GC invocations=63 (full 0):
 garbage-first heap   total 344064K, used 295663K [0x00000000a0000000, 0x0000000100000000)
  region size 1024K, 123 young (125952K), 5 survivors (5120K)
 Metaspace       used 99175K, capacity 105159K, committed 105476K, reserved 1140736K
  class space    used 12647K, capacity 14248K, committed 14284K, reserved 1048576K
}
Event: 933,678 GC heap after
{Heap after GC invocations=64 (full 0):
 garbage-first heap   total 344064K, used 175310K [0x00000000a0000000, 0x0000000100000000)
  region size 1024K, 6 young (6144K), 6 survivors (6144K)
 Metaspace       used 99175K, capacity 105159K, committed 105476K, reserved 1140736K
  class space    used 12647K, capacity 14248K, committed 14284K, reserved 1048576K
}
Event: 933,819 GC heap before
{Heap before GC invocations=64 (full 0):
 garbage-first heap   total 344064K, used 295118K [0x00000000a0000000, 0x0000000100000000)
  region size 1024K, 124 young (126976K), 6 survivors (6144K)
 Metaspace       used 99175K, capacity 105159K, committed 105476K, reserved 1140736K
  class space    used 12647K, capacity 14248K, committed 14284K, reserved 1048576K
}
Event: 933,825 GC heap after
{Heap after GC invocations=65 (full 0):
 garbage-first heap   total 344064K, used 176505K [0x00000000a0000000, 0x0000000100000000)
  region size 1024K, 7 young (7168K), 7 survivors (7168K)
 Metaspace       used 99175K, capacity 105159K, committed 105476K, reserved 1140736K
  class space    used 12647K, capacity 14248K, committed 14284K, reserved 1048576K
}
Event: 933,996 GC heap before
{Heap before GC invocations=65 (full 0):
 garbage-first heap   total 344064K, used 298361K [0x00000000a0000000, 0x0000000100000000)
  region size 1024K, 126 young (129024K), 7 survivors (7168K)
 Metaspace       used 99175K, capacity 105159K, committed 105476K, reserved 1140736K
  class space    used 12647K, capacity 14248K, committed 14284K, reserved 1048576K
}
Event: 934,003 GC heap after
{Heap after GC invocations=66 (full 0):
 garbage-first heap   total 344064K, used 175917K [0x00000000a0000000, 0x0000000100000000)
  region size 1024K, 6 young (6144K), 6 survivors (6144K)
 Metaspace       used 99175K, capacity 105159K, committed 105476K, reserved 1140736K
  class space    used 12647K, capacity 14248K, committed 14284K, reserved 1048576K
}

